<?xml version="1.0" encoding="UTF-8"?>
<!-- Generated by org.testng.reporters.JUnitXMLReporter -->
<testsuite ignored="0" hostname="Lenovo" failures="0" tests="3" name="Test" time="69.592" errors="0" timestamp="2025-02-02T11:14:41 IST">
  <testcase classname="testCases.TC_Register_007" name="testSignUpWithMandatoryFieldsOnly" time="14.706"/>
  <testcase classname="testCases.TC_Login_001" name="testSigninWithValidCredentials" time="6.909"/>
  <testcase classname="testCases.TC_Delete_001" name="testAccountDeletion" time="10.056"/>
</testsuite> <!-- Test -->
