<?xml version="1.0" encoding="UTF-8"?>
<!-- Generated by org.testng.reporters.JUnitXMLReporter -->
<testsuite ignored="0" hostname="Lenovo" failures="0" tests="3" name="Test" time="511.385" errors="0" timestamp="2024-12-26T19:37:32 IST">
  <testcase classname="testCases.TC_Register_007" name="testSignUpWithMandatoryFieldsOnly" time="73.232"/>
  <testcase classname="testCases.TC_Login_001" name="testSigninWithValidCredentials" time="25.383"/>
  <testcase classname="testCases.TC_Delete_001" name="testAccountDeletion" time="71.631"/>
</testsuite> <!-- Test -->
