<?xml version="1.0" encoding="UTF-8"?>
<testng-results ignored="0" total="3" passed="3" failed="0" skipped="0">
  <reporter-output>
  </reporter-output>
  <suite started-at="2025-02-02T11:13:29 IST" name="Suite" finished-at="2025-02-02T11:14:38 IST" duration-ms="69592">
    <groups>
    </groups>
    <test started-at="2025-02-02T11:13:29 IST" name="Test" finished-at="2025-02-02T11:14:38 IST" duration-ms="69592">
      <class name="testCases.TC_Login_001">
        <test-method is-config="true" signature="setUp(java.lang.String,java.lang.String)[pri:0, instance:testCases.TC_Login_001@6e509ffa]" started-at="2025-02-02T11:14:11 IST" name="setUp" finished-at="2025-02-02T11:14:16 IST" duration-ms="5457" status="PASS">
          <params>
            <param index="0">
              <value>
                <![CDATA[chrome]]>
              </value>
            </param>
            <param index="1">
              <value>
                <![CDATA[windows]]>
              </value>
            </param>
          </params>
          <reporter-output>
          </reporter-output>
        </test-method> <!-- setUp -->
        <test-method signature="testSigninWithValidCredentials()[pri:0, instance:testCases.TC_Login_001@6e509ffa]" started-at="2025-02-02T11:14:16 IST" name="testSigninWithValidCredentials" finished-at="2025-02-02T11:14:23 IST" duration-ms="6909" status="PASS">
          <reporter-output>
          </reporter-output>
        </test-method> <!-- testSigninWithValidCredentials -->
        <test-method is-config="true" signature="tearDown()[pri:0, instance:testCases.TC_Login_001@6e509ffa]" started-at="2025-02-02T11:14:23 IST" name="tearDown" finished-at="2025-02-02T11:14:24 IST" duration-ms="432" status="PASS">
          <reporter-output>
          </reporter-output>
        </test-method> <!-- tearDown -->
      </class> <!-- testCases.TC_Login_001 -->
      <class name="testCases.TC_Register_007">
        <test-method is-config="true" signature="setUp(java.lang.String,java.lang.String)[pri:0, instance:testCases.TC_Register_007@7b02881e]" started-at="2025-02-02T11:13:29 IST" name="setUp" finished-at="2025-02-02T11:13:56 IST" duration-ms="26839" status="PASS">
          <params>
            <param index="0">
              <value>
                <![CDATA[chrome]]>
              </value>
            </param>
            <param index="1">
              <value>
                <![CDATA[windows]]>
              </value>
            </param>
          </params>
          <reporter-output>
          </reporter-output>
        </test-method> <!-- setUp -->
        <test-method signature="testSignUpWithMandatoryFieldsOnly()[pri:1, instance:testCases.TC_Register_007@7b02881e]" started-at="2025-02-02T11:13:56 IST" name="testSignUpWithMandatoryFieldsOnly" finished-at="2025-02-02T11:14:10 IST" duration-ms="14706" status="PASS">
          <reporter-output>
          </reporter-output>
        </test-method> <!-- testSignUpWithMandatoryFieldsOnly -->
        <test-method is-config="true" signature="tearDown()[pri:0, instance:testCases.TC_Register_007@7b02881e]" started-at="2025-02-02T11:14:11 IST" name="tearDown" finished-at="2025-02-02T11:14:11 IST" duration-ms="441" status="PASS">
          <reporter-output>
          </reporter-output>
        </test-method> <!-- tearDown -->
      </class> <!-- testCases.TC_Register_007 -->
      <class name="testCases.TC_Delete_001">
        <test-method is-config="true" signature="setUp(java.lang.String,java.lang.String)[pri:0, instance:testCases.TC_Delete_001@2898ac89]" started-at="2025-02-02T11:14:24 IST" name="setUp" finished-at="2025-02-02T11:14:28 IST" duration-ms="4188" status="PASS">
          <params>
            <param index="0">
              <value>
                <![CDATA[chrome]]>
              </value>
            </param>
            <param index="1">
              <value>
                <![CDATA[windows]]>
              </value>
            </param>
          </params>
          <reporter-output>
          </reporter-output>
        </test-method> <!-- setUp -->
        <test-method signature="testAccountDeletion()[pri:0, instance:testCases.TC_Delete_001@2898ac89]" started-at="2025-02-02T11:14:28 IST" name="testAccountDeletion" finished-at="2025-02-02T11:14:38 IST" duration-ms="10056" status="PASS">
          <reporter-output>
          </reporter-output>
        </test-method> <!-- testAccountDeletion -->
        <test-method is-config="true" signature="tearDown()[pri:0, instance:testCases.TC_Delete_001@2898ac89]" started-at="2025-02-02T11:14:38 IST" name="tearDown" finished-at="2025-02-02T11:14:38 IST" duration-ms="285" status="PASS">
          <reporter-output>
          </reporter-output>
        </test-method> <!-- tearDown -->
      </class> <!-- testCases.TC_Delete_001 -->
    </test> <!-- Test -->
  </suite> <!-- Suite -->
</testng-results>
